<?xml version="1.0" encoding="UTF-8"?>
<!-- Generated by org.testng.reporters.JUnitXMLReporter -->
<testsuite ignored="0" hostname="LAPTOP-7DJ18U3D" failures="0" tests="11" name="Test" time="108.609" errors="0" timestamp="2022-11-26T16:11:30 IST">
  <testcase classname="com.qa.testcases.LoginPageTest" name="loginPageTitleTest" time="0.023"/>
  <testcase classname="com.qa.testcases.LoginPageTest" name="verifyLOGOTest" time="0.145"/>
  <testcase classname="com.qa.testcases.LoginPageTest" name="loginTest" time="7.665"/>
  <testcase classname="com.qa.testcases.HomePageTest" name="homePageTitleTest" time="0.02"/>
  <testcase classname="com.qa.testcases.HomePageTest" name="HomePageClick" time="4.851"/>
  <testcase classname="com.qa.testcases.DesktopPageTest" name="homePageTitleTest" time="0.011"/>
  <testcase classname="com.qa.testcases.DesktopPageTest" name="DeskTopPageLaptopClick" time="9.157"/>
  <testcase classname="com.qa.testcases.LaptopPageTest" name="LaptopPageTitleTest" time="0.015"/>
  <testcase classname="com.qa.testcases.LaptopPageTest" name="LaptopPageLClick" time="6.776"/>
  <testcase classname="com.qa.testcases.CheckoutPageTest" name="CheckOutPageTitleTest" time="0.014"/>
  <testcase classname="com.qa.testcases.CheckoutPageTest" name="CheckoutPageLAddInformation" time="13.546"/>
</testsuite> <!-- Test -->
