<?xml version="1.0" encoding="UTF-8"?>
<!-- Generated by org.testng.reporters.JUnitXMLReporter -->
<testsuite ignored="0" hostname="LAPTOP-7DJ18U3D" failures="0" tests="3" name="Default test" time="19.283" errors="0" timestamp="2022-11-24T13:47:57 IST">
  <testcase classname="com.qa.testcases.LoginPageTest" name="loginPageTitleTest" time="0.032"/>
  <testcase classname="com.qa.testcases.LoginPageTest" name="verifyLOGOTest" time="0.174"/>
  <testcase classname="com.qa.testcases.LoginPageTest" name="loginTest" time="6.945"/>
</testsuite> <!-- Default test -->
