<?xml version="1.0" encoding="UTF-8"?>
<!-- Generated by org.testng.reporters.JUnitXMLReporter -->
<testsuite ignored="0" hostname="LAPTOP-7DJ18U3D" failures="0" tests="2" name="Default test" time="38.363" errors="0" timestamp="2022-11-25T23:42:28 IST">
  <testcase classname="com.qa.testcases.CheckoutPageTest" name="CheckOutPageTitleTest" time="0.027"/>
  <testcase classname="com.qa.testcases.CheckoutPageTest" name="CheckoutPageLAddInformation" time="14.883"/>
</testsuite> <!-- Default test -->
