<?xml version="1.0" encoding="UTF-8"?>
<!-- Generated by org.testng.reporters.JUnitXMLReporter -->
<testsuite ignored="0" hostname="LAPTOP-7DJ18U3D" failures="0" tests="9" name="Test" time="133.088" errors="0" timestamp="2022-11-25T11:23:01 IST">
  <testcase classname="com.qa.testcases.LoginPageTest" name="loginPageTitleTest" time="0.021"/>
  <testcase classname="com.qa.testcases.LoginPageTest" name="verifyLOGOTest" time="0.133"/>
  <testcase classname="com.qa.testcases.LoginPageTest" name="loginTest" time="7.521"/>
  <testcase classname="com.qa.testcases.HomePageTest" name="homePageTitleTest" time="0.018"/>
  <testcase classname="com.qa.testcases.HomePageTest" name="HomePageClick" time="5.555"/>
  <testcase classname="com.qa.testcases.DesktopPageTest" name="homePageTitleTest" time="0.013"/>
  <testcase classname="com.qa.testcases.DesktopPageTest" name="DeskTopPageLaptopClick" time="8.524"/>
  <testcase classname="com.qa.testcases.LaptopPageTest" name="LaptopPageTitleTest" time="0.006"/>
  <testcase classname="com.qa.testcases.LaptopPageTest" name="LaptopPageLClick" time="7.032"/>
</testsuite> <!-- Test -->
