<?xml version="1.0" encoding="UTF-8"?>
<!-- Generated by org.testng.reporters.JUnitXMLReporter -->
<testsuite ignored="0" hostname="LAPTOP-7DJ18U3D" failures="0" tests="9" name="Test" time="81.634" errors="0" timestamp="2022-11-25T00:15:05 IST">
  <testcase classname="com.qa.testcases.DesktopPageTest" name="homePageTitleTest" time="0.03"/>
  <testcase classname="com.qa.testcases.DesktopPageTest" name="DeskTopPageLaptopClick" time="8.871"/>
  <testcase classname="com.qa.testcases.HomePageTest" name="homePageTitleTest" time="0.014"/>
  <testcase classname="com.qa.testcases.HomePageTest" name="HomePageClick" time="4.838"/>
  <testcase classname="com.qa.testcases.LaptopPageTest" name="LaptopPageTitleTest" time="0.019"/>
  <testcase classname="com.qa.testcases.LaptopPageTest" name="LaptopPageLClick" time="7.06"/>
  <testcase classname="com.qa.testcases.LoginPageTest" name="loginPageTitleTest" time="0.013"/>
  <testcase classname="com.qa.testcases.LoginPageTest" name="verifyLOGOTest" time="0.1"/>
  <testcase classname="com.qa.testcases.LoginPageTest" name="loginTest" time="7.154"/>
</testsuite> <!-- Test -->
