<?xml version="1.0" encoding="UTF-8"?>
<!-- Generated by org.testng.reporters.JUnitXMLReporter -->
<testsuite ignored="0" hostname="LAPTOP-7DJ18U3D" failures="0" tests="9" name="Test" time="136.062" errors="0" timestamp="2022-11-25T12:40:50 IST">
  <testcase classname="com.qa.testcases.LoginPageTest" name="loginPageTitleTest" time="0.023"/>
  <testcase classname="com.qa.testcases.LoginPageTest" name="verifyLOGOTest" time="0.13"/>
  <testcase classname="com.qa.testcases.LoginPageTest" name="loginTest" time="6.773"/>
  <testcase classname="com.qa.testcases.HomePageTest" name="homePageTitleTest" time="0.023"/>
  <testcase classname="com.qa.testcases.HomePageTest" name="HomePageClick" time="4.853"/>
  <testcase classname="com.qa.testcases.DesktopPageTest" name="homePageTitleTest" time="0.007"/>
  <testcase classname="com.qa.testcases.DesktopPageTest" name="DeskTopPageLaptopClick" time="9.274"/>
  <testcase classname="com.qa.testcases.LaptopPageTest" name="LaptopPageTitleTest" time="0.009"/>
  <testcase classname="com.qa.testcases.LaptopPageTest" name="LaptopPageLClick" time="7.021"/>
</testsuite> <!-- Test -->
