<?xml version="1.0" encoding="UTF-8"?>
<testsuite xmlns:xsi="http://www.w3.org/2001/XMLSchema-instance" xsi:noNamespaceSchemaLocation="https://maven.apache.org/surefire/maven-surefire-plugin/xsd/surefire-test-report-3.0.xsd" version="3.0" name="TestSuite" time="139.571" tests="11" errors="0" skipped="0" failures="0">
  <properties>
[...]
</properties>
  <testcase name="loginPageTitleTest" classname="com.qa.testcases.LoginPageTest" time="0.007">
    <system-out><![CDATA[[TestNGContentHandler] [WARN] It is strongly recommended to add "<!DOCTYPE suite SYSTEM "http://testng.org/testng-1.0.dtd" >" at the top of your file, otherwise TestNG may fail or not work as expected.
Before navigating to: 'https://naveenautomationlabs.com/opencart/index.php?route=account/login'
Navigated to:'https://naveenautomationlabs.com/opencart/index.php?route=account/login'
------------Account Login---------------
]]></system-out>
    <system-err><![CDATA[Starting ChromeDriver 107.0.5304.62 (1eec40d3a5764881c92085aaee66d25075c159aa-refs/branch-heads/5304@{#942}) on port 28282
Only local connections are allowed.
Please see https://chromedriver.chromium.org/security-considerations for suggestions on keeping ChromeDriver safe.
ChromeDriver was started successfully.
Nov 26, 2022 3:59:45 PM org.openqa.selenium.remote.ProtocolHandshake createSession
INFO: Detected dialect: W3C
]]></system-err>
  </testcase>
  <testcase name="verifyLOGOTest" classname="com.qa.testcases.LoginPageTest" time="0.114">
    <system-out><![CDATA[Before navigating to: 'https://naveenautomationlabs.com/opencart/index.php?route=account/login'
Navigated to:'https://naveenautomationlabs.com/opencart/index.php?route=account/login'
Trying to find Element By : By.xpath: //img[@title='naveenopencart']
Found Element By : By.xpath: //img[@title='naveenopencart']
true
]]></system-out>
    <system-err><![CDATA[Starting ChromeDriver 107.0.5304.62 (1eec40d3a5764881c92085aaee66d25075c159aa-refs/branch-heads/5304@{#942}) on port 19413
Only local connections are allowed.
Please see https://chromedriver.chromium.org/security-considerations for suggestions on keeping ChromeDriver safe.
ChromeDriver was started successfully.
Nov 26, 2022 4:00:06 PM org.openqa.selenium.remote.ProtocolHandshake createSession
INFO: Detected dialect: W3C
]]></system-err>
  </testcase>
  <testcase name="loginTest" classname="com.qa.testcases.LoginPageTest" time="7.528">
    <system-out><![CDATA[Before navigating to: 'https://naveenautomationlabs.com/opencart/index.php?route=account/login'
Navigated to:'https://naveenautomationlabs.com/opencart/index.php?route=account/login'
Trying to find Element By : By.xpath: //input[@id='input-email']
Found Element By : By.xpath: //input[@id='input-email']
Trying to find Element By : By.xpath: //input[@id='input-password']
Found Element By : By.xpath: //input[@id='input-password']
Trying to find Element By : By.xpath: //input[@value='Login']
Found Element By : By.xpath: //input[@value='Login']
Trying to click on: [[ChromeDriver: chrome on WINDOWS (5f8a2f58fddcb1c69274960d8d27703e)] -> xpath: //input[@value='Login']]
Clicked on: [[ChromeDriver: chrome on WINDOWS (5f8a2f58fddcb1c69274960d8d27703e)] -> xpath: //input[@value='Login']]
]]></system-out>
    <system-err><![CDATA[Starting ChromeDriver 107.0.5304.62 (1eec40d3a5764881c92085aaee66d25075c159aa-refs/branch-heads/5304@{#942}) on port 13517
Only local connections are allowed.
Please see https://chromedriver.chromium.org/security-considerations for suggestions on keeping ChromeDriver safe.
ChromeDriver was started successfully.
Nov 26, 2022 4:00:53 PM org.openqa.selenium.remote.ProtocolHandshake createSession
INFO: Detected dialect: W3C
]]></system-err>
  </testcase>
  <testcase name="homePageTitleTest" classname="com.qa.testcases.HomePageTest" time="0.002">
    <system-out><![CDATA[Before navigating to: 'https://naveenautomationlabs.com/opencart/index.php?route=account/login'
Navigated to:'https://naveenautomationlabs.com/opencart/index.php?route=account/login'
Trying to find Element By : By.xpath: //input[@id='input-email']
Found Element By : By.xpath: //input[@id='input-email']
Trying to find Element By : By.xpath: //input[@id='input-password']
Found Element By : By.xpath: //input[@id='input-password']
Trying to find Element By : By.xpath: //input[@value='Login']
Found Element By : By.xpath: //input[@value='Login']
Trying to click on: [[ChromeDriver: chrome on WINDOWS (f31bfde9e96430b53abd4806da010152)] -> xpath: //input[@value='Login']]
Clicked on: [[ChromeDriver: chrome on WINDOWS (f31bfde9e96430b53abd4806da010152)] -> xpath: //input[@value='Login']]
------------My Account---------------
]]></system-out>
    <system-err><![CDATA[Starting ChromeDriver 107.0.5304.62 (1eec40d3a5764881c92085aaee66d25075c159aa-refs/branch-heads/5304@{#942}) on port 26386
Only local connections are allowed.
Please see https://chromedriver.chromium.org/security-considerations for suggestions on keeping ChromeDriver safe.
ChromeDriver was started successfully.
Nov 26, 2022 3:59:55 PM org.openqa.selenium.remote.ProtocolHandshake createSession
INFO: Detected dialect: W3C
]]></system-err>
  </testcase>
  <testcase name="HomePageClick" classname="com.qa.testcases.HomePageTest" time="4.823">
    <system-out><![CDATA[Before navigating to: 'https://naveenautomationlabs.com/opencart/index.php?route=account/login'
Navigated to:'https://naveenautomationlabs.com/opencart/index.php?route=account/login'
Trying to find Element By : By.xpath: //input[@id='input-email']
Found Element By : By.xpath: //input[@id='input-email']
Trying to find Element By : By.xpath: //input[@id='input-password']
Found Element By : By.xpath: //input[@id='input-password']
Trying to find Element By : By.xpath: //input[@value='Login']
Found Element By : By.xpath: //input[@value='Login']
Trying to click on: [[ChromeDriver: chrome on WINDOWS (dd44ed96b2a293dec34302b89873f5ec)] -> xpath: //input[@value='Login']]
Clicked on: [[ChromeDriver: chrome on WINDOWS (dd44ed96b2a293dec34302b89873f5ec)] -> xpath: //input[@value='Login']]
Trying to find Element By : By.xpath: //a[normalize-space()='Desktops']
Found Element By : By.xpath: //a[normalize-space()='Desktops']
Trying to find Element By : By.xpath: //a[normalize-space()='Show All Desktops']
Found Element By : By.xpath: //a[normalize-space()='Show All Desktops']
Trying to click on: [[ChromeDriver: chrome on WINDOWS (dd44ed96b2a293dec34302b89873f5ec)] -> xpath: //a[normalize-space()='Show All Desktops']]
Clicked on: [[ChromeDriver: chrome on WINDOWS (dd44ed96b2a293dec34302b89873f5ec)] -> xpath: //a[normalize-space()='Show All Desktops']]
]]></system-out>
    <system-err><![CDATA[Starting ChromeDriver 107.0.5304.62 (1eec40d3a5764881c92085aaee66d25075c159aa-refs/branch-heads/5304@{#942}) on port 2306
Only local connections are allowed.
Please see https://chromedriver.chromium.org/security-considerations for suggestions on keeping ChromeDriver safe.
ChromeDriver was started successfully.
Nov 26, 2022 4:00:09 PM org.openqa.selenium.remote.ProtocolHandshake createSession
INFO: Detected dialect: W3C
]]></system-err>
  </testcase>
  <testcase name="homePageTitleTest" classname="com.qa.testcases.DesktopPageTest" time="0.003">
    <system-out><![CDATA[Before navigating to: 'https://naveenautomationlabs.com/opencart/index.php?route=account/login'
Navigated to:'https://naveenautomationlabs.com/opencart/index.php?route=account/login'
Trying to find Element By : By.xpath: //input[@id='input-email']
Found Element By : By.xpath: //input[@id='input-email']
Trying to find Element By : By.xpath: //input[@id='input-password']
Found Element By : By.xpath: //input[@id='input-password']
Trying to find Element By : By.xpath: //input[@value='Login']
Found Element By : By.xpath: //input[@value='Login']
Trying to click on: [[ChromeDriver: chrome on WINDOWS (6d5f920d50f7ad637cec96ef320704bd)] -> xpath: //input[@value='Login']]
Clicked on: [[ChromeDriver: chrome on WINDOWS (6d5f920d50f7ad637cec96ef320704bd)] -> xpath: //input[@value='Login']]
Trying to find Element By : By.xpath: //a[normalize-space()='Desktops']
Found Element By : By.xpath: //a[normalize-space()='Desktops']
Trying to find Element By : By.xpath: //a[normalize-space()='Show All Desktops']
Found Element By : By.xpath: //a[normalize-space()='Show All Desktops']
Trying to click on: [[ChromeDriver: chrome on WINDOWS (6d5f920d50f7ad637cec96ef320704bd)] -> xpath: //a[normalize-space()='Show All Desktops']]
Clicked on: [[ChromeDriver: chrome on WINDOWS (6d5f920d50f7ad637cec96ef320704bd)] -> xpath: //a[normalize-space()='Show All Desktops']]
------------Desktops---------------
]]></system-out>
    <system-err><![CDATA[Starting ChromeDriver 107.0.5304.62 (1eec40d3a5764881c92085aaee66d25075c159aa-refs/branch-heads/5304@{#942}) on port 1619
Only local connections are allowed.
Please see https://chromedriver.chromium.org/security-considerations for suggestions on keeping ChromeDriver safe.
ChromeDriver was started successfully.
Nov 26, 2022 3:59:59 PM org.openqa.selenium.remote.ProtocolHandshake createSession
INFO: Detected dialect: W3C
]]></system-err>
  </testcase>
  <testcase name="DeskTopPageLaptopClick" classname="com.qa.testcases.DesktopPageTest" time="8.374">
    <system-out><![CDATA[Before navigating to: 'https://naveenautomationlabs.com/opencart/index.php?route=account/login'
Navigated to:'https://naveenautomationlabs.com/opencart/index.php?route=account/login'
Trying to find Element By : By.xpath: //input[@id='input-email']
Found Element By : By.xpath: //input[@id='input-email']
Trying to find Element By : By.xpath: //input[@id='input-password']
Found Element By : By.xpath: //input[@id='input-password']
Trying to find Element By : By.xpath: //input[@value='Login']
Found Element By : By.xpath: //input[@value='Login']
Trying to click on: [[ChromeDriver: chrome on WINDOWS (29ce9e72ea6b5c8da196b94c2d36ed05)] -> xpath: //input[@value='Login']]
Clicked on: [[ChromeDriver: chrome on WINDOWS (29ce9e72ea6b5c8da196b94c2d36ed05)] -> xpath: //input[@value='Login']]
Trying to find Element By : By.xpath: //a[normalize-space()='Desktops']
Found Element By : By.xpath: //a[normalize-space()='Desktops']
Trying to find Element By : By.xpath: //a[normalize-space()='Show All Desktops']
Found Element By : By.xpath: //a[normalize-space()='Show All Desktops']
Trying to click on: [[ChromeDriver: chrome on WINDOWS (29ce9e72ea6b5c8da196b94c2d36ed05)] -> xpath: //a[normalize-space()='Show All Desktops']]
Clicked on: [[ChromeDriver: chrome on WINDOWS (29ce9e72ea6b5c8da196b94c2d36ed05)] -> xpath: //a[normalize-space()='Show All Desktops']]
Trying to find Element By : By.xpath: //*[@id="content"]/div[4]/div[3]/div/div[2]/div[1]/h4/a
Found Element By : By.xpath: //*[@id="content"]/div[4]/div[3]/div/div[2]/div[1]/h4/a
Trying to click on: [[ChromeDriver: chrome on WINDOWS (29ce9e72ea6b5c8da196b94c2d36ed05)] -> xpath: //*[@id="content"]/div[4]/div[3]/div/div[2]/div[1]/h4/a]
Clicked on: [[ChromeDriver: chrome on WINDOWS (29ce9e72ea6b5c8da196b94c2d36ed05)] -> xpath: //*[@id="content"]/div[4]/div[3]/div/div[2]/div[1]/h4/a]
]]></system-out>
    <system-err><![CDATA[Starting ChromeDriver 107.0.5304.62 (1eec40d3a5764881c92085aaee66d25075c159aa-refs/branch-heads/5304@{#942}) on port 28022
Only local connections are allowed.
Please see https://chromedriver.chromium.org/security-considerations for suggestions on keeping ChromeDriver safe.
ChromeDriver was started successfully.
Nov 26, 2022 4:00:18 PM org.openqa.selenium.remote.ProtocolHandshake createSession
INFO: Detected dialect: W3C
]]></system-err>
  </testcase>
  <testcase name="LaptopPageTitleTest" classname="com.qa.testcases.LaptopPageTest" time="0.003">
    <system-out><![CDATA[Before navigating to: 'https://naveenautomationlabs.com/opencart/index.php?route=account/login'
Navigated to:'https://naveenautomationlabs.com/opencart/index.php?route=account/login'
Trying to find Element By : By.xpath: //input[@id='input-email']
Found Element By : By.xpath: //input[@id='input-email']
Trying to find Element By : By.xpath: //input[@id='input-password']
Found Element By : By.xpath: //input[@id='input-password']
Trying to find Element By : By.xpath: //input[@value='Login']
Found Element By : By.xpath: //input[@value='Login']
Trying to click on: [[ChromeDriver: chrome on WINDOWS (3cb1ab2364326d4cc3b4cf61c7a4f4e0)] -> xpath: //input[@value='Login']]
Clicked on: [[ChromeDriver: chrome on WINDOWS (3cb1ab2364326d4cc3b4cf61c7a4f4e0)] -> xpath: //input[@value='Login']]
Trying to find Element By : By.xpath: //a[normalize-space()='Desktops']
Found Element By : By.xpath: //a[normalize-space()='Desktops']
Trying to find Element By : By.xpath: //a[normalize-space()='Show All Desktops']
Found Element By : By.xpath: //a[normalize-space()='Show All Desktops']
Trying to click on: [[ChromeDriver: chrome on WINDOWS (3cb1ab2364326d4cc3b4cf61c7a4f4e0)] -> xpath: //a[normalize-space()='Show All Desktops']]
Clicked on: [[ChromeDriver: chrome on WINDOWS (3cb1ab2364326d4cc3b4cf61c7a4f4e0)] -> xpath: //a[normalize-space()='Show All Desktops']]
Trying to find Element By : By.xpath: //*[@id="content"]/div[4]/div[3]/div/div[2]/div[1]/h4/a
Found Element By : By.xpath: //*[@id="content"]/div[4]/div[3]/div/div[2]/div[1]/h4/a
Trying to click on: [[ChromeDriver: chrome on WINDOWS (3cb1ab2364326d4cc3b4cf61c7a4f4e0)] -> xpath: //*[@id="content"]/div[4]/div[3]/div/div[2]/div[1]/h4/a]
Clicked on: [[ChromeDriver: chrome on WINDOWS (3cb1ab2364326d4cc3b4cf61c7a4f4e0)] -> xpath: //*[@id="content"]/div[4]/div[3]/div/div[2]/div[1]/h4/a]
------------HP LP3065---------------
]]></system-out>
    <system-err><![CDATA[Starting ChromeDriver 107.0.5304.62 (1eec40d3a5764881c92085aaee66d25075c159aa-refs/branch-heads/5304@{#942}) on port 8247
Only local connections are allowed.
Please see https://chromedriver.chromium.org/security-considerations for suggestions on keeping ChromeDriver safe.
ChromeDriver was started successfully.
Nov 26, 2022 4:00:31 PM org.openqa.selenium.remote.ProtocolHandshake createSession
INFO: Detected dialect: W3C
]]></system-err>
  </testcase>
  <testcase name="LaptopPageLClick" classname="com.qa.testcases.LaptopPageTest" time="7.002">
    <system-out><![CDATA[Before navigating to: 'https://naveenautomationlabs.com/opencart/index.php?route=account/login'
Navigated to:'https://naveenautomationlabs.com/opencart/index.php?route=account/login'
Trying to find Element By : By.xpath: //input[@id='input-email']
Found Element By : By.xpath: //input[@id='input-email']
Trying to find Element By : By.xpath: //input[@id='input-password']
Found Element By : By.xpath: //input[@id='input-password']
Trying to find Element By : By.xpath: //input[@value='Login']
Found Element By : By.xpath: //input[@value='Login']
Trying to click on: [[ChromeDriver: chrome on WINDOWS (7f229f9ee5723fb2dd6d6fa15f81d282)] -> xpath: //input[@value='Login']]
Clicked on: [[ChromeDriver: chrome on WINDOWS (7f229f9ee5723fb2dd6d6fa15f81d282)] -> xpath: //input[@value='Login']]
Trying to find Element By : By.xpath: //a[normalize-space()='Desktops']
Found Element By : By.xpath: //a[normalize-space()='Desktops']
Trying to find Element By : By.xpath: //a[normalize-space()='Show All Desktops']
Found Element By : By.xpath: //a[normalize-space()='Show All Desktops']
Trying to click on: [[ChromeDriver: chrome on WINDOWS (7f229f9ee5723fb2dd6d6fa15f81d282)] -> xpath: //a[normalize-space()='Show All Desktops']]
Clicked on: [[ChromeDriver: chrome on WINDOWS (7f229f9ee5723fb2dd6d6fa15f81d282)] -> xpath: //a[normalize-space()='Show All Desktops']]
Trying to find Element By : By.xpath: //*[@id="content"]/div[4]/div[3]/div/div[2]/div[1]/h4/a
Found Element By : By.xpath: //*[@id="content"]/div[4]/div[3]/div/div[2]/div[1]/h4/a
Trying to click on: [[ChromeDriver: chrome on WINDOWS (7f229f9ee5723fb2dd6d6fa15f81d282)] -> xpath: //*[@id="content"]/div[4]/div[3]/div/div[2]/div[1]/h4/a]
Clicked on: [[ChromeDriver: chrome on WINDOWS (7f229f9ee5723fb2dd6d6fa15f81d282)] -> xpath: //*[@id="content"]/div[4]/div[3]/div/div[2]/div[1]/h4/a]
Trying to find Element By : By.xpath: //button[@id='button-cart']
Found Element By : By.xpath: //button[@id='button-cart']
Trying to click on: [[ChromeDriver: chrome on WINDOWS (7f229f9ee5723fb2dd6d6fa15f81d282)] -> xpath: //button[@id='button-cart']]
Clicked on: [[ChromeDriver: chrome on WINDOWS (7f229f9ee5723fb2dd6d6fa15f81d282)] -> xpath: //button[@id='button-cart']]
Trying to find Element By : By.xpath: //span[@id='cart-total']
Found Element By : By.xpath: //span[@id='cart-total']
Trying to click on: [[ChromeDriver: chrome on WINDOWS (7f229f9ee5723fb2dd6d6fa15f81d282)] -> xpath: //span[@id='cart-total']]
Clicked on: [[ChromeDriver: chrome on WINDOWS (7f229f9ee5723fb2dd6d6fa15f81d282)] -> xpath: //span[@id='cart-total']]
Trying to find Element By : By.xpath: //strong[normalize-space()='Checkout']
Found Element By : By.xpath: //strong[normalize-space()='Checkout']
Trying to click on: [[ChromeDriver: chrome on WINDOWS (7f229f9ee5723fb2dd6d6fa15f81d282)] -> xpath: //strong[normalize-space()='Checkout']]
Clicked on: [[ChromeDriver: chrome on WINDOWS (7f229f9ee5723fb2dd6d6fa15f81d282)] -> xpath: //strong[normalize-space()='Checkout']]
]]></system-out>
    <system-err><![CDATA[Starting ChromeDriver 107.0.5304.62 (1eec40d3a5764881c92085aaee66d25075c159aa-refs/branch-heads/5304@{#942}) on port 26605
Only local connections are allowed.
Please see https://chromedriver.chromium.org/security-considerations for suggestions on keeping ChromeDriver safe.
ChromeDriver was started successfully.
Nov 26, 2022 4:01:03 PM org.openqa.selenium.remote.ProtocolHandshake createSession
INFO: Detected dialect: W3C
]]></system-err>
  </testcase>
  <testcase name="CheckOutPageTitleTest" classname="com.qa.testcases.CheckoutPageTest" time="0.001">
    <system-out><![CDATA[Before navigating to: 'https://naveenautomationlabs.com/opencart/index.php?route=account/login'
Navigated to:'https://naveenautomationlabs.com/opencart/index.php?route=account/login'
Trying to find Element By : By.xpath: //input[@id='input-email']
Found Element By : By.xpath: //input[@id='input-email']
Trying to find Element By : By.xpath: //input[@id='input-password']
Found Element By : By.xpath: //input[@id='input-password']
Trying to find Element By : By.xpath: //input[@value='Login']
Found Element By : By.xpath: //input[@value='Login']
Trying to click on: [[ChromeDriver: chrome on WINDOWS (d32fd4d7bb3a21e487515bbcbaaaf6be)] -> xpath: //input[@value='Login']]
Clicked on: [[ChromeDriver: chrome on WINDOWS (d32fd4d7bb3a21e487515bbcbaaaf6be)] -> xpath: //input[@value='Login']]
Trying to find Element By : By.xpath: //a[normalize-space()='Desktops']
Found Element By : By.xpath: //a[normalize-space()='Desktops']
Trying to find Element By : By.xpath: //a[normalize-space()='Show All Desktops']
Found Element By : By.xpath: //a[normalize-space()='Show All Desktops']
Trying to click on: [[ChromeDriver: chrome on WINDOWS (d32fd4d7bb3a21e487515bbcbaaaf6be)] -> xpath: //a[normalize-space()='Show All Desktops']]
Clicked on: [[ChromeDriver: chrome on WINDOWS (d32fd4d7bb3a21e487515bbcbaaaf6be)] -> xpath: //a[normalize-space()='Show All Desktops']]
Trying to find Element By : By.xpath: //*[@id="content"]/div[4]/div[3]/div/div[2]/div[1]/h4/a
Found Element By : By.xpath: //*[@id="content"]/div[4]/div[3]/div/div[2]/div[1]/h4/a
Trying to click on: [[ChromeDriver: chrome on WINDOWS (d32fd4d7bb3a21e487515bbcbaaaf6be)] -> xpath: //*[@id="content"]/div[4]/div[3]/div/div[2]/div[1]/h4/a]
Clicked on: [[ChromeDriver: chrome on WINDOWS (d32fd4d7bb3a21e487515bbcbaaaf6be)] -> xpath: //*[@id="content"]/div[4]/div[3]/div/div[2]/div[1]/h4/a]
Trying to find Element By : By.xpath: //button[@id='button-cart']
Found Element By : By.xpath: //button[@id='button-cart']
Trying to click on: [[ChromeDriver: chrome on WINDOWS (d32fd4d7bb3a21e487515bbcbaaaf6be)] -> xpath: //button[@id='button-cart']]
Clicked on: [[ChromeDriver: chrome on WINDOWS (d32fd4d7bb3a21e487515bbcbaaaf6be)] -> xpath: //button[@id='button-cart']]
Trying to find Element By : By.xpath: //span[@id='cart-total']
Found Element By : By.xpath: //span[@id='cart-total']
Trying to click on: [[ChromeDriver: chrome on WINDOWS (d32fd4d7bb3a21e487515bbcbaaaf6be)] -> xpath: //span[@id='cart-total']]
Clicked on: [[ChromeDriver: chrome on WINDOWS (d32fd4d7bb3a21e487515bbcbaaaf6be)] -> xpath: //span[@id='cart-total']]
Trying to find Element By : By.xpath: //strong[normalize-space()='Checkout']
Found Element By : By.xpath: //strong[normalize-space()='Checkout']
Trying to click on: [[ChromeDriver: chrome on WINDOWS (d32fd4d7bb3a21e487515bbcbaaaf6be)] -> xpath: //strong[normalize-space()='Checkout']]
Clicked on: [[ChromeDriver: chrome on WINDOWS (d32fd4d7bb3a21e487515bbcbaaaf6be)] -> xpath: //strong[normalize-space()='Checkout']]
------------Checkout---------------
]]></system-out>
    <system-err><![CDATA[Starting ChromeDriver 107.0.5304.62 (1eec40d3a5764881c92085aaee66d25075c159aa-refs/branch-heads/5304@{#942}) on port 10231
Only local connections are allowed.
Please see https://chromedriver.chromium.org/security-considerations for suggestions on keeping ChromeDriver safe.
ChromeDriver was started successfully.
Nov 26, 2022 4:00:41 PM org.openqa.selenium.remote.ProtocolHandshake createSession
INFO: Detected dialect: W3C
]]></system-err>
  </testcase>
  <testcase name="CheckoutPageLAddInformation" classname="com.qa.testcases.CheckoutPageTest" time="32.527">
    <system-out><![CDATA[Before navigating to: 'https://naveenautomationlabs.com/opencart/index.php?route=account/login'
Navigated to:'https://naveenautomationlabs.com/opencart/index.php?route=account/login'
Trying to find Element By : By.xpath: //input[@id='input-email']
Found Element By : By.xpath: //input[@id='input-email']
Trying to find Element By : By.xpath: //input[@id='input-password']
Found Element By : By.xpath: //input[@id='input-password']
Trying to find Element By : By.xpath: //input[@value='Login']
Found Element By : By.xpath: //input[@value='Login']
Trying to click on: [[ChromeDriver: chrome on WINDOWS (eb682085760f28b431983d419cb3a59e)] -> xpath: //input[@value='Login']]
Clicked on: [[ChromeDriver: chrome on WINDOWS (eb682085760f28b431983d419cb3a59e)] -> xpath: //input[@value='Login']]
Trying to find Element By : By.xpath: //a[normalize-space()='Desktops']
Found Element By : By.xpath: //a[normalize-space()='Desktops']
Trying to find Element By : By.xpath: //a[normalize-space()='Show All Desktops']
Found Element By : By.xpath: //a[normalize-space()='Show All Desktops']
Trying to click on: [[ChromeDriver: chrome on WINDOWS (eb682085760f28b431983d419cb3a59e)] -> xpath: //a[normalize-space()='Show All Desktops']]
Clicked on: [[ChromeDriver: chrome on WINDOWS (eb682085760f28b431983d419cb3a59e)] -> xpath: //a[normalize-space()='Show All Desktops']]
Trying to find Element By : By.xpath: //*[@id="content"]/div[4]/div[3]/div/div[2]/div[1]/h4/a
Found Element By : By.xpath: //*[@id="content"]/div[4]/div[3]/div/div[2]/div[1]/h4/a
Trying to click on: [[ChromeDriver: chrome on WINDOWS (eb682085760f28b431983d419cb3a59e)] -> xpath: //*[@id="content"]/div[4]/div[3]/div/div[2]/div[1]/h4/a]
Clicked on: [[ChromeDriver: chrome on WINDOWS (eb682085760f28b431983d419cb3a59e)] -> xpath: //*[@id="content"]/div[4]/div[3]/div/div[2]/div[1]/h4/a]
Trying to find Element By : By.xpath: //button[@id='button-cart']
Found Element By : By.xpath: //button[@id='button-cart']
Trying to click on: [[ChromeDriver: chrome on WINDOWS (eb682085760f28b431983d419cb3a59e)] -> xpath: //button[@id='button-cart']]
Clicked on: [[ChromeDriver: chrome on WINDOWS (eb682085760f28b431983d419cb3a59e)] -> xpath: //button[@id='button-cart']]
Trying to find Element By : By.xpath: //span[@id='cart-total']
Found Element By : By.xpath: //span[@id='cart-total']
Trying to click on: [[ChromeDriver: chrome on WINDOWS (eb682085760f28b431983d419cb3a59e)] -> xpath: //span[@id='cart-total']]
Exception occured: org.openqa.selenium.StaleElementReferenceException: stale element reference: element is not attached to the page document
  (Session info: chrome=107.0.5304.107)
For documentation on this error, please visit: https://www.seleniumhq.org/exceptions/stale_element_reference.html
Build info: version: '3.141.59', revision: 'e82be7d358', time: '2018-11-14T08:17:03'
System info: host: 'LAPTOP-7DJ18U3D', ip: '192.168.1.41', os.name: 'Windows 10', os.arch: 'amd64', os.version: '10.0', java.version: '17.0.1'
Driver info: org.openqa.selenium.chrome.ChromeDriver
Capabilities {acceptInsecureCerts: false, browserName: chrome, browserVersion: 107.0.5304.107, chrome: {chromedriverVersion: 107.0.5304.62 (1eec40d3a576..., userDataDir: C:\Users\GURUPR~1\AppData\L...}, goog:chromeOptions: {debuggerAddress: localhost:65194}, javascriptEnabled: true, networkConnectionEnabled: false, pageLoadStrategy: normal, platform: WINDOWS, platformName: WINDOWS, proxy: Proxy(), setWindowRect: true, strictFileInteractability: false, timeouts: {implicit: 0, pageLoad: 300000, script: 30000}, unhandledPromptBehavior: dismiss and notify, webauthn:extension:credBlob: true, webauthn:extension:largeBlob: true, webauthn:virtualAuthenticators: true}
Session ID: eb682085760f28b431983d419cb3a59e
Trying to find Element By : By.xpath: //label[normalize-space()='I want to use a new address']
Found Element By : By.xpath: //label[normalize-space()='I want to use a new address']
Trying to click on: [[ChromeDriver: chrome on WINDOWS (eb682085760f28b431983d419cb3a59e)] -> xpath: //label[normalize-space()='I want to use a new address']]
Clicked on: [[ChromeDriver: chrome on WINDOWS (eb682085760f28b431983d419cb3a59e)] -> xpath: //label[normalize-space()='I want to use a new address']]
Trying to find Element By : By.xpath: //input[@id='input-payment-firstname']
Found Element By : By.xpath: //input[@id='input-payment-firstname']
Trying to find Element By : By.xpath: //input[@id='input-payment-lastname']
Found Element By : By.xpath: //input[@id='input-payment-lastname']
Trying to find Element By : By.xpath: //input[@id='input-payment-company']
Found Element By : By.xpath: //input[@id='input-payment-company']
Trying to find Element By : By.xpath: //input[@id='input-payment-address-1']
Found Element By : By.xpath: //input[@id='input-payment-address-1']
Trying to find Element By : By.xpath: //input[@id='input-payment-city']
Found Element By : By.xpath: //input[@id='input-payment-city']
Trying to find Element By : By.xpath: //input[@id='input-payment-postcode']
Found Element By : By.xpath: //input[@id='input-payment-postcode']
Trying to find Element By : By.xpath: //select[@id='input-payment-country']
Found Element By : By.xpath: //select[@id='input-payment-country']
Trying to find Element By : By.xpath: .//option[normalize-space(.) = "Sweden"]
Found Element By : By.xpath: .//option[normalize-space(.) = "Sweden"]
Trying to click on: [[[[ChromeDriver: chrome on WINDOWS (eb682085760f28b431983d419cb3a59e)] -> xpath: //select[@id='input-payment-country']]] -> xpath: .//option[normalize-space(.) = "Sweden"]]
Clicked on: [[[[ChromeDriver: chrome on WINDOWS (eb682085760f28b431983d419cb3a59e)] -> xpath: //select[@id='input-payment-country']]] -> xpath: .//option[normalize-space(.) = "Sweden"]]
Trying to find Element By : By.xpath: //select[@id='input-payment-zone']
Found Element By : By.xpath: //select[@id='input-payment-zone']
Trying to find Element By : By.xpath: .//option[normalize-space(.) = "Gotland"]
Found Element By : By.xpath: .//option[normalize-space(.) = "Gotland"]
Trying to click on: [[[[ChromeDriver: chrome on WINDOWS (eb682085760f28b431983d419cb3a59e)] -> xpath: //select[@id='input-payment-zone']]] -> xpath: .//option[normalize-space(.) = "Gotland"]]
Clicked on: [[[[ChromeDriver: chrome on WINDOWS (eb682085760f28b431983d419cb3a59e)] -> xpath: //select[@id='input-payment-zone']]] -> xpath: .//option[normalize-space(.) = "Gotland"]]
Trying to find Element By : By.xpath: //input[@id='button-payment-address']
Found Element By : By.xpath: //input[@id='button-payment-address']
Trying to click on: [[ChromeDriver: chrome on WINDOWS (eb682085760f28b431983d419cb3a59e)] -> xpath: //input[@id='button-payment-address']]
Clicked on: [[ChromeDriver: chrome on WINDOWS (eb682085760f28b431983d419cb3a59e)] -> xpath: //input[@id='button-payment-address']]
Trying to find Element By : By.id: button-shipping-address
Found Element By : By.id: button-shipping-address
Trying to click on: [[ChromeDriver: chrome on WINDOWS (eb682085760f28b431983d419cb3a59e)] -> id: button-shipping-address]
Clicked on: [[ChromeDriver: chrome on WINDOWS (eb682085760f28b431983d419cb3a59e)] -> id: button-shipping-address]
Trying to find Element By : By.id: button-shipping-method
Found Element By : By.id: button-shipping-method
Trying to click on: [[ChromeDriver: chrome on WINDOWS (eb682085760f28b431983d419cb3a59e)] -> id: button-shipping-method]
Clicked on: [[ChromeDriver: chrome on WINDOWS (eb682085760f28b431983d419cb3a59e)] -> id: button-shipping-method]
Trying to find Element By : By.xpath: //input[@name='agree']
Found Element By : By.xpath: //input[@name='agree']
Trying to click on: [[ChromeDriver: chrome on WINDOWS (eb682085760f28b431983d419cb3a59e)] -> xpath: //input[@name='agree']]
Clicked on: [[ChromeDriver: chrome on WINDOWS (eb682085760f28b431983d419cb3a59e)] -> xpath: //input[@name='agree']]
Trying to find Element By : By.xpath: //input[@id='button-payment-method']
Found Element By : By.xpath: //input[@id='button-payment-method']
Trying to click on: [[ChromeDriver: chrome on WINDOWS (eb682085760f28b431983d419cb3a59e)] -> xpath: //input[@id='button-payment-method']]
Clicked on: [[ChromeDriver: chrome on WINDOWS (eb682085760f28b431983d419cb3a59e)] -> xpath: //input[@id='button-payment-method']]
Trying to find Element By : By.xpath: 	//input[@id='button-confirm']
Found Element By : By.xpath: 	//input[@id='button-confirm']
Trying to click on: [[ChromeDriver: chrome on WINDOWS (eb682085760f28b431983d419cb3a59e)] -> xpath: 	//input[@id='button-confirm']]
Clicked on: [[ChromeDriver: chrome on WINDOWS (eb682085760f28b431983d419cb3a59e)] -> xpath: 	//input[@id='button-confirm']]
------------Your order has been placed!---------------
]]></system-out>
    <system-err><![CDATA[Starting ChromeDriver 107.0.5304.62 (1eec40d3a5764881c92085aaee66d25075c159aa-refs/branch-heads/5304@{#942}) on port 4064
Only local connections are allowed.
Please see https://chromedriver.chromium.org/security-considerations for suggestions on keeping ChromeDriver safe.
ChromeDriver was started successfully.
Nov 26, 2022 4:01:19 PM org.openqa.selenium.remote.ProtocolHandshake createSession
INFO: Detected dialect: W3C
org.openqa.selenium.StaleElementReferenceException: stale element reference: element is not attached to the page document
  (Session info: chrome=107.0.5304.107)
For documentation on this error, please visit: https://www.seleniumhq.org/exceptions/stale_element_reference.html
Build info: version: '3.141.59', revision: 'e82be7d358', time: '2018-11-14T08:17:03'
System info: host: 'LAPTOP-7DJ18U3D', ip: '192.168.1.41', os.name: 'Windows 10', os.arch: 'amd64', os.version: '10.0', java.version: '17.0.1'
Driver info: org.openqa.selenium.chrome.ChromeDriver
Capabilities {acceptInsecureCerts: false, browserName: chrome, browserVersion: 107.0.5304.107, chrome: {chromedriverVersion: 107.0.5304.62 (1eec40d3a576..., userDataDir: C:\Users\GURUPR~1\AppData\L...}, goog:chromeOptions: {debuggerAddress: localhost:65194}, javascriptEnabled: true, networkConnectionEnabled: false, pageLoadStrategy: normal, platform: WINDOWS, platformName: WINDOWS, proxy: Proxy(), setWindowRect: true, strictFileInteractability: false, timeouts: {implicit: 0, pageLoad: 300000, script: 30000}, unhandledPromptBehavior: dismiss and notify, webauthn:extension:credBlob: true, webauthn:extension:largeBlob: true, webauthn:virtualAuthenticators: true}
Session ID: eb682085760f28b431983d419cb3a59e
	at java.base/jdk.internal.reflect.NativeConstructorAccessorImpl.newInstance0(Native Method)
	at java.base/jdk.internal.reflect.NativeConstructorAccessorImpl.newInstance(NativeConstructorAccessorImpl.java:77)
	at java.base/jdk.internal.reflect.DelegatingConstructorAccessorImpl.newInstance(DelegatingConstructorAccessorImpl.java:45)
	at java.base/java.lang.reflect.Constructor.newInstanceWithCaller(Constructor.java:499)
	at java.base/java.lang.reflect.Constructor.newInstance(Constructor.java:480)
	at org.openqa.selenium.remote.http.W3CHttpResponseCodec.createException(W3CHttpResponseCodec.java:187)
	at org.openqa.selenium.remote.http.W3CHttpResponseCodec.decode(W3CHttpResponseCodec.java:122)
	at org.openqa.selenium.remote.http.W3CHttpResponseCodec.decode(W3CHttpResponseCodec.java:49)
	at org.openqa.selenium.remote.HttpCommandExecutor.execute(HttpCommandExecutor.java:158)
	at org.openqa.selenium.remote.service.DriverCommandExecutor.execute(DriverCommandExecutor.java:83)
	at org.openqa.selenium.remote.RemoteWebDriver.execute(RemoteWebDriver.java:552)
	at org.openqa.selenium.remote.RemoteWebElement.execute(RemoteWebElement.java:285)
	at org.openqa.selenium.remote.RemoteWebElement.click(RemoteWebElement.java:84)
	at jdk.internal.reflect.GeneratedMethodAccessor6.invoke(Unknown Source)
	at java.base/jdk.internal.reflect.DelegatingMethodAccessorImpl.invoke(DelegatingMethodAccessorImpl.java:43)
	at java.base/java.lang.reflect.Method.invoke(Method.java:568)
	at org.openqa.selenium.support.events.EventFiringWebDriver$EventFiringWebElement.lambda$new$0(EventFiringWebDriver.java:404)
	at jdk.proxy2/jdk.proxy2.$Proxy12.click(Unknown Source)
	at org.openqa.selenium.support.events.EventFiringWebDriver$EventFiringWebElement.click(EventFiringWebDriver.java:417)
	at jdk.internal.reflect.GeneratedMethodAccessor6.invoke(Unknown Source)
	at java.base/jdk.internal.reflect.DelegatingMethodAccessorImpl.invoke(DelegatingMethodAccessorImpl.java:43)
	at java.base/java.lang.reflect.Method.invoke(Method.java:568)
	at org.openqa.selenium.support.pagefactory.internal.LocatingElementHandler.invoke(LocatingElementHandler.java:51)
	at jdk.proxy2/jdk.proxy2.$Proxy11.click(Unknown Source)
	at com.qa.pages.laptopPage.LaptopPageClick(laptopPage.java:35)
	at com.qa.testcases.CheckoutPageTest.setUp(CheckoutPageTest.java:39)
	at java.base/jdk.internal.reflect.NativeMethodAccessorImpl.invoke0(Native Method)
	at java.base/jdk.internal.reflect.NativeMethodAccessorImpl.invoke(NativeMethodAccessorImpl.java:77)
	at java.base/jdk.internal.reflect.DelegatingMethodAccessorImpl.invoke(DelegatingMethodAccessorImpl.java:43)
	at java.base/java.lang.reflect.Method.invoke(Method.java:568)
	at org.testng.internal.MethodInvocationHelper.invokeMethod(MethodInvocationHelper.java:124)
	at org.testng.internal.MethodInvocationHelper.invokeMethodConsideringTimeout(MethodInvocationHelper.java:59)
	at org.testng.internal.Invoker.invokeConfigurationMethod(Invoker.java:458)
	at org.testng.internal.Invoker.invokeConfigurations(Invoker.java:222)
	at org.testng.internal.Invoker.invokeMethod(Invoker.java:523)
	at org.testng.internal.Invoker.invokeTestMethod(Invoker.java:719)
	at org.testng.internal.Invoker.invokeTestMethods(Invoker.java:989)
	at org.testng.internal.TestMethodWorker.invokeTestMethods(TestMethodWorker.java:125)
	at org.testng.internal.TestMethodWorker.run(TestMethodWorker.java:109)
	at org.testng.TestRunner.privateRun(TestRunner.java:648)
	at org.testng.TestRunner.run(TestRunner.java:505)
	at org.testng.SuiteRunner.runTest(SuiteRunner.java:455)
	at org.testng.SuiteRunner.runSequentially(SuiteRunner.java:450)
	at org.testng.SuiteRunner.privateRun(SuiteRunner.java:415)
	at org.testng.SuiteRunner.run(SuiteRunner.java:364)
	at org.testng.SuiteRunnerWorker.runSuite(SuiteRunnerWorker.java:52)
	at org.testng.SuiteRunnerWorker.run(SuiteRunnerWorker.java:84)
	at org.testng.TestNG.runSuitesSequentially(TestNG.java:1208)
	at org.testng.TestNG.runSuitesLocally(TestNG.java:1137)
	at org.testng.TestNG.runSuites(TestNG.java:1049)
	at org.testng.TestNG.run(TestNG.java:1017)
	at org.apache.maven.surefire.testng.TestNGExecutor.run(TestNGExecutor.java:284)
	at org.apache.maven.surefire.testng.TestNGXmlTestSuite.execute(TestNGXmlTestSuite.java:75)
	at org.apache.maven.surefire.testng.TestNGProvider.invoke(TestNGProvider.java:119)
	at org.apache.maven.surefire.booter.ForkedBooter.runSuitesInProcess(ForkedBooter.java:428)
	at org.apache.maven.surefire.booter.ForkedBooter.execute(ForkedBooter.java:162)
	at org.apache.maven.surefire.booter.ForkedBooter.run(ForkedBooter.java:562)
	at org.apache.maven.surefire.booter.ForkedBooter.main(ForkedBooter.java:548)
]]></system-err>
  </testcase>
</testsuite>