<?xml version="1.0" encoding="UTF-8"?>
<testng-results ignored="0" total="2" passed="2" failed="0" skipped="0">
  <reporter-output>
  </reporter-output>
  <suite started-at="2022-11-25T23:41:49 IST" name="Default suite" finished-at="2022-11-25T23:42:28 IST" duration-ms="38363">
    <groups>
    </groups>
    <test started-at="2022-11-25T23:41:49 IST" name="Default test" finished-at="2022-11-25T23:42:28 IST" duration-ms="38363">
      <class name="com.qa.testcases.CheckoutPageTest">
        <test-method is-config="true" signature="setUp()[pri:0, instance:com.qa.testcases.CheckoutPageTest@4d0f2471]" started-at="2022-11-25T23:41:50 IST" name="setUp" finished-at="2022-11-25T23:42:01 IST" duration-ms="11926" status="PASS">
          <reporter-output>
          </reporter-output>
        </test-method> <!-- setUp -->
        <test-method signature="CheckOutPageTitleTest()[pri:1, instance:com.qa.testcases.CheckoutPageTest@4d0f2471]" started-at="2022-11-25T23:42:01 IST" name="CheckOutPageTitleTest" finished-at="2022-11-25T23:42:01 IST" duration-ms="27" status="PASS">
          <reporter-output>
          </reporter-output>
        </test-method> <!-- CheckOutPageTitleTest -->
        <test-method is-config="true" signature="tearDown()[pri:0, instance:com.qa.testcases.CheckoutPageTest@4d0f2471]" started-at="2022-11-25T23:42:01 IST" name="tearDown" finished-at="2022-11-25T23:42:02 IST" duration-ms="374" status="PASS">
          <reporter-output>
          </reporter-output>
        </test-method> <!-- tearDown -->
        <test-method is-config="true" signature="setUp()[pri:0, instance:com.qa.testcases.CheckoutPageTest@4d0f2471]" started-at="2022-11-25T23:42:02 IST" name="setUp" finished-at="2022-11-25T23:42:13 IST" duration-ms="10644" status="PASS">
          <reporter-output>
          </reporter-output>
        </test-method> <!-- setUp -->
        <test-method signature="CheckoutPageLAddInformation()[pri:2, instance:com.qa.testcases.CheckoutPageTest@4d0f2471]" started-at="2022-11-25T23:42:13 IST" name="CheckoutPageLAddInformation" finished-at="2022-11-25T23:42:27 IST" duration-ms="14883" status="PASS">
          <reporter-output>
          </reporter-output>
        </test-method> <!-- CheckoutPageLAddInformation -->
        <test-method is-config="true" signature="tearDown()[pri:0, instance:com.qa.testcases.CheckoutPageTest@4d0f2471]" started-at="2022-11-25T23:42:27 IST" name="tearDown" finished-at="2022-11-25T23:42:28 IST" duration-ms="416" status="PASS">
          <reporter-output>
          </reporter-output>
        </test-method> <!-- tearDown -->
      </class> <!-- com.qa.testcases.CheckoutPageTest -->
    </test> <!-- Default test -->
  </suite> <!-- Default suite -->
</testng-results>
