<?xml version="1.0" encoding="UTF-8"?>
<!-- Generated by org.testng.reporters.JUnitXMLReporter -->
<testsuite ignored="0" hostname="LAPTOP-7DJ18U3D" failures="0" tests="11" name="Test" time="136.323" errors="0" timestamp="26 Nov 2022 10:31:59 GMT">
  <testcase classname="com.qa.testcases.LoginPageTest" name="loginPageTitleTest" time="0.025"/>
  <testcase classname="com.qa.testcases.HomePageTest" name="homePageTitleTest" time="0.019"/>
  <testcase classname="com.qa.testcases.DesktopPageTest" name="homePageTitleTest" time="0.016"/>
  <testcase classname="com.qa.testcases.LoginPageTest" name="verifyLOGOTest" time="0.143"/>
  <testcase classname="com.qa.testcases.HomePageTest" name="HomePageClick" time="4.845"/>
  <testcase classname="com.qa.testcases.DesktopPageTest" name="DeskTopPageLaptopClick" time="8.411"/>
  <testcase classname="com.qa.testcases.LaptopPageTest" name="LaptopPageTitleTest" time="0.016"/>
  <testcase classname="com.qa.testcases.CheckoutPageTest" name="CheckOutPageTitleTest" time="0.011"/>
  <testcase classname="com.qa.testcases.LoginPageTest" name="loginTest" time="7.532"/>
  <testcase classname="com.qa.testcases.LaptopPageTest" name="LaptopPageLClick" time="6.977"/>
  <testcase classname="com.qa.testcases.CheckoutPageTest" name="CheckoutPageLAddInformation" time="32.442"/>
</testsuite> <!-- Test -->
